MPASM 5.87                      PROYECTO.ASM   5-5-2026  22:12:40         PAGE  1


LOC  OBJECT CODE     LINE SOURCE TEXT
  VALUE

Warning[205]: Found directive in column 1. (LIST)
                      00001 LIST    P=16F887
Warning[205]: Found directive in column 1. (include)
                      00002 include<p16f887.inc>
                      00001         LIST
                      00002 
                      00003 ;==========================================================================
                      00004 ; Build date : Jan 06 2020
                      00005 ;  MPASM PIC16F887 processor include
                      00006 ; 
                      00007 ;  (c) Copyright 1999-2020 Microchip Technology, All rights reserved
                      00008 ;==========================================================================
                      00009 
                      00810         LIST
                      00003     
2007   2FE1           00004      __CONFIG _CONFIG1, _XT_OSC & _WDT_OFF & _PWRTE_ON & _MCLRE_ON & _LVP_OFF 
2008   3FFF           00005     __CONFIG _CONFIG2, _BOR_ON
                      00006     
                      00007     ORG 0X00
0000   2???           00008     GOTO    INICIO
                      00009     
                      00010     ORG 0X04
0004   2???           00011     GOTO    ISR
                      00012     
                      00013     ORG 0X05
Warning[207]: Found label after column 1. (INICIO)
0005                  00014     INICIO
                      00015         
                      00016     
0005   1683 1703      00017     BANKSEL ANSEL ;BANCO 3
Message[302]: Register in operand not in bank 0.  Ensure that bank bits are correct.
0007   0188           00018     CLRF    ANSEL   ;PUERTO A DIGITAL
Message[302]: Register in operand not in bank 0.  Ensure that bank bits are correct.
0008   0189           00019     CLRF    ANSELH  ;PUERTO B DIGITAL
                      00020     
0009   1683 1303      00021     BANKSEL TRISB ;BANCO 1
000B   30F0           00022     MOVLW   0XF0   ;0-3 SALIDAS, 4-7 ENTRADAS
Message[302]: Register in operand not in bank 0.  Ensure that bank bits are correct.
000C   0086           00023     MOVWF   TRISB  
Message[302]: Register in operand not in bank 0.  Ensure that bank bits are correct.
000D   0188           00024     CLRF    TRISD 
Message[302]: Register in operand not in bank 0.  Ensure that bank bits are correct.
000E   0187           00025     CLRF    TRISC
                      00026     
                      00027     ;LIMPIO SALIDAS Y VARIABLE
000F   1283 1303      00028     BANKSEL PORTB ;BANCO 0
0011   0187           00029     CLRF    PORTC
0012   0188           00030     CLRF    PORTD
0013   30F0           00031     MOVLW   0XF0
0014   0086           00032     MOVWF   PORTB
                      00033     
                      00034     ;CONFIGURO RESISTELCIAS PULL UP EN B
0015   1683 1303      00035     BANKSEL OPTION_REG
MPASM 5.87                      PROYECTO.ASM   5-5-2026  22:12:40         PAGE  2


LOC  OBJECT CODE     LINE SOURCE TEXT
  VALUE

Message[302]: Register in operand not in bank 0.  Ensure that bank bits are correct.
0017   1381           00036     BCF     OPTION_REG,7 ;HABILITO rbpu
0018   1683 1303      00037     BANKSEL WPUB
001A   30F0           00038     MOVLW   0XF0 ;EN LAS ENTRADS
Message[302]: Register in operand not in bank 0.  Ensure that bank bits are correct.
001B   0095           00039     MOVWF   WPUB
                      00040     
                      00041    
                      00042     
                      00043     
001C   1283 1303      00044     BANKSEL PORTA
                      00045     CBLOCK 0x20
  00000020            00046     INDEX
  00000021            00047     CONT
  00000022            00048     AUX
  00000023            00049     TECLA
  00000024            00050     W_TEMP
  00000025            00051     STATUS_TEMP
  00000026            00052     REG3
  00000027            00053     REG2
  00000028            00054     REG1
  00000029            00055     REG0
  0000002A            00056     AUXILIAR
  0000002B            00057     FLAG
                      00058     ENDC
                      00059     
001E   01A3           00060     CLRF    TECLA
001F   01A5           00061     CLRF    STATUS_TEMP
0020   01A4           00062     CLRF    W_TEMP
0021   01AB           00063     CLRF    FLAG
                      00064         
0022   303F           00065     MOVLW   0x3F ;CARGO 0000 EN DSIPLAYS
0023   00A6           00066     MOVWF   REG3
0024   00A7           00067     MOVWF   REG2
0025   00A8           00068     MOVWF   REG1
0026   00A9           00069     MOVWF   REG0
                      00070    
                      00071     
                      00072    
                      00073     ;CONFIGURO INTERRUPCION
                      00074     
0027   1683 1303      00075     BANKSEL IOCB ;SE DETECTAN CAMBIOS DE 0-3
0029   30F0           00076     MOVLW   0xF0
Message[302]: Register in operand not in bank 0.  Ensure that bank bits are correct.
002A   0096           00077     MOVWF   IOCB
                      00078     
002B   1283 1303      00079     BANKSEL INTCON
002D   178B           00080     BSF     INTCON,GIE  ;INTERRUPCIONES GLOBALES
002E   100B           00081     BCF     INTCON,RBIF ;LIMPIO FLAG
002F   158B           00082     BSF     INTCON,RBIE ;ENABLE INTERRUP EN B
                      00083     
                      00084     
0030                  00085 BUCLE
MPASM 5.87                      PROYECTO.ASM   5-5-2026  22:12:40         PAGE  3


LOC  OBJECT CODE     LINE SOURCE TEXT
  VALUE

                      00086    
0030   2???           00087     CALL MULTIPLEXADO
                      00088     
0031   1C2B           00089     BTFSS   FLAG,0
0032   2???           00090     GOTO SIGUE
0033   2???           00091     CALL    BARRIDO_TECLADO
0034   102B           00092     BCF FLAG,0
                      00093     
Warning[207]: Found label after column 1. (SIGUE)
0035                  00094   SIGUE
0035   2???           00095     GOTO    BUCLE ;ASI EL PROGRAMA NO INTENTA LEER LAS TABLAS Y TODO
                      00096     
                      00097     
0036                  00098 BARRIDO_TECLADO
0036   1283 1303      00099     BANKSEL FLAG
0038   102B           00100     BCF     FLAG,0
0039   2???           00101     CALL    DELAY
003A   01A1           00102     CLRF    CONT
003B   3004           00103     MOVLW   0X04
003C   00A0           00104     MOVWF   INDEX
003D   30FE           00105     MOVLW   0XFE
003E   00A2           00106     MOVWF   AUX ;1110 1110 1
                      00107    
                      00108     
003F                  00109 BARRO
                      00110     ;FILA 1 1
003F   0822           00111     MOVF    AUX,W
0040   0086           00112     MOVWF   PORTB 
                      00113     
0041   1E06           00114     BTFSS   PORTB,4 ;CHEQUEO BIT A BIT 
0042   2???           00115     GOTO    ALFA
0043   0AA1           00116     INCF    CONT,1 
                      00117     
0044   1E86           00118     BTFSS   PORTB,5 ;COLUMNA 2
0045   2???           00119     GOTO    ALFA
0046   0AA1           00120     INCF    CONT,1
                      00121     
0047   1F06           00122     BTFSS   PORTB,6 ;COLUMNA 3
0048   2???           00123     GOTO    ALFA
0049   0AA1           00124     INCF    CONT,1
                      00125     
004A   1F86           00126     BTFSS   PORTB,7 ;COLUMNA 4
004B   2???           00127     GOTO    ALFA
004C   0AA1           00128     INCF    CONT,1
                      00129    
                      00130     
                      00131    ;SI NO ENCONTRE EL 0 EN COLUMNA 1
004D   1403           00132     BSF     STATUS,C
004E   0DA2           00133     RLF AUX,1
004F   0BA0           00134     DECFSZ  INDEX,F
0050   2???           00135     GOTO    BARRO
0051   2???           00136     GOTO    NO_TECLA
                      00137     
MPASM 5.87                      PROYECTO.ASM   5-5-2026  22:12:40         PAGE  4


LOC  OBJECT CODE     LINE SOURCE TEXT
  VALUE

0052                  00138 ALFA    
0052   0821           00139     MOVF        CONT,W ;MUEVO EL NUMERO DE TECLA A W
0053   2???           00140     CALL    TABLA_DISPLAY
0054   00A3           00141     MOVWF       TECLA
                      00142     
                      00143 ;ANTIRREBOTE
0055                  00144 ESPERAR_SUELTA
                      00145 
Warning[203]: Found opcode in column 1. (MOVF)
0055   0806           00146 MOVF    PORTB,W
Warning[203]: Found opcode in column 1. (ANDLW)
0056   39F0           00147 ANDLW   0xF0
Warning[203]: Found opcode in column 1. (XORLW)
0057   3AF0           00148 XORLW   0xF0
Warning[203]: Found opcode in column 1. (BTFSS)
0058   1D03           00149 BTFSS   STATUS,Z
Warning[203]: Found opcode in column 1. (GOTO)
0059   2???           00150 GOTO    ESPERAR_SUELTA
                      00151 
Warning[203]: Found opcode in column 1. (CALL)
005A   2???           00152 CALL    DELAY
                      00153     
005B                  00154 REGISTROS
                      00155     
005B   0827           00156     MOVF    REG2,W
005C   00A6           00157     MOVWF   REG3
                      00158 
005D   0828           00159     MOVF    REG1,W
005E   00A7           00160     MOVWF   REG2
                      00161 
005F   0829           00162     MOVF    REG0,W
0060   00A8           00163     MOVWF   REG1
                      00164 
0061   0823           00165     MOVF    TECLA,W
0062   00A9           00166     MOVWF   REG0
                      00167     
                      00168      
0063                  00169 NO_TECLA
0063   30F0           00170     MOVLW   0xF0 ;VUELVO A SETEAR EN F0, DEJO LISTO PARA PROX BARRIDO
0064   0086           00171     MOVWF   PORTB
                      00172    
0065   0806           00173     MOVF    PORTB,W 
0066   0008           00174     RETURN
                      00175    
                      00176      
0067                  00177 MULTIPLEXADO
                      00178     
0067   1283 1303      00179     BANKSEL PORTB
                      00180     
0069   3088           00181     MOVLW   0X88 ;1000 1000
006A   00AA           00182     MOVWF   AUXILIAR
                      00183     
006B   0826           00184     MOVF    REG3,W
MPASM 5.87                      PROYECTO.ASM   5-5-2026  22:12:40         PAGE  5


LOC  OBJECT CODE     LINE SOURCE TEXT
  VALUE

006C   0087           00185     MOVWF   PORTC
006D   082A           00186     MOVF    AUXILIAR,W ;ELIJO DISPLAY 3
006E   0088           00187     MOVWF   PORTD
                      00188     
006F   2???           00189     CALL DELAY
0070   0188           00190     CLRF    PORTD
0071   0827           00191     MOVF    REG2,W
0072   0087           00192     MOVWF   PORTC
0073   0CAA           00193     RRF     AUXILIAR,F
0074   082A           00194     MOVF    AUXILIAR,W
0075   0088           00195     MOVWF   PORTD ;ELIJO DISPLAY 2
                      00196     
0076   2???           00197     CALL DELAY
0077   0188           00198     CLRF    PORTD
0078   0828           00199     MOVF    REG1,W
0079   0087           00200     MOVWF   PORTC
007A   0CAA           00201     RRF     AUXILIAR,F
007B   082A           00202     MOVF    AUXILIAR,W
007C   0088           00203     MOVWF   PORTD ;ELIJO DISPLAY 1
                      00204     
007D   2???           00205     CALL DELAY
007E   0188           00206     CLRF    PORTD
007F   0829           00207     MOVF    REG0,W
0080   0087           00208     MOVWF   PORTC
0081   0CAA           00209     RRF     AUXILIAR,F
0082   082A           00210     MOVF    AUXILIAR,W
0083   0088           00211     MOVWF   PORTD ;ELIJO DISPLAY 0
                      00212     
0084   2???           00213     CALL DELAY;POR FAVOR
                      00214     
0085   0008           00215     RETURN
                      00216 
                      00217     
0086                  00218 TABLA_DISPLAY
0086   0782           00219     ADDWF       PCL,F   ;depende de que retorna, cuanto va a avanzar el PC
0087   343F           00220     RETLW 0x3F ; 0 0011 1111
0088   3406           00221     RETLW 0x06 ; 1
0089   345B           00222     RETLW 0x5B ; 2 0101 
008A   344F           00223     RETLW 0x4F ; 3
008B   3466           00224     RETLW 0x66 ; 4
008C   346D           00225     RETLW 0x6D ; 5
008D   347D           00226     RETLW 0x7D ; 6
008E   3407           00227     RETLW 0x07 ; 7
008F   347F           00228     RETLW 0x7F ; 8
0090   346F           00229     RETLW 0x6F ; 9
0091   345F           00230     RETLW 0x5F ; a
0092   347C           00231     RETLW 0x7C ; b
0093   3439           00232     RETLW 0x39 ; c
0094   345E           00233     RETLW 0x5E ; d
0095   347B           00234     RETLW 0x7B ; e
0096   3471           00235     RETLW 0x71 ; f
                      00236     
                      00237       
MPASM 5.87                      PROYECTO.ASM   5-5-2026  22:12:40         PAGE  6


LOC  OBJECT CODE     LINE SOURCE TEXT
  VALUE

0097                  00238 ISR
                      00239     ;2:GUARDO CONTEXTO
0097   1283 1303      00240     BANKSEL W_TEMP
0099   00A4           00241     MOVWF   W_TEMP 
009A   0E03           00242     SWAPF   STATUS, W ;GUARDO STATUS EN W
009B   00A5           00243     MOVWF   STATUS_TEMP ;GUARDO STATUS EN STATUS TEMP
                      00244     
                      00245     ;3:QUIEN INTERRUMPIO?
                      00246     
009C   1C0B           00247     BTFSS   INTCON, RBIF ;TIENE Q HABER SIDO CSMBIO EN PORTB (1)
009D   2???           00248     GOTO    SALIR_ISR   
                      00249     
                      00250     ;4:RESUELVO RUTINA ASOCIADA AL PUERTO B
009E   1283 1303      00251     BANKSEL PORTB
00A0   0806           00252     MOVF    PORTB,W    
00A1   142B           00253     BSF     FLAG,0
                      00254     
                      00255     ;5:BAJO BANDERA
00A2   100B           00256     BCF     INTCON, RBIF ;INERRUPCION YA ATENDIDA
                      00257    
                      00258  
00A3                  00259 SALIR_ISR
                      00260     ;6:RECUPERO CONTEXTO
00A3   0E25           00261     SWAPF   STATUS_TEMP, W
00A4   0083           00262     MOVWF   STATUS
00A5   0EA4           00263     SWAPF   W_TEMP, F
00A6   0E24           00264     SWAPF   W_TEMP, W
                      00265     
                      00266     ;7.RETFIE
00A7   0009           00267     RETFIE
                      00268     
00A8                  00269 DELAY ;5MILI
                      00270     
                      00271    ;cuenta externa
Warning[202]: Argument out of range.  Least significant bits used.
00A8   3055           00272    MOVLW 255 ;max que puedo contar, solo tengo 256 posiciones
00A9   00B5           00273    MOVWF 0X35 ;pongo el 255 en el file 20
                      00274    
Warning[207]: Found label after column 1. (cuenta_externa)
00AA                  00275    cuenta_externa
00AA   3020           00276    MOVLW 20
00AB   00B6           00277    MOVWF 0X36 ;Pongo 255, los que se repiten 255 veces
                      00278    
Warning[207]: Found label after column 1. (cuenta_interna)
00AC                  00279    cuenta_interna
00AC   0BB6           00280    DECFSZ 0X36,F ; CON 1 LO GUARDO EN 20 DE NUEVO (SI LLEGO A 0 VOY A CUENTA EXTERNA)
00AD   2???           00281    GOTO cuenta_interna ;sigue si no llega 0
                      00282    
00AE   0BB5           00283    DECFSZ 0X35,F ;bajo 1 de la cuenta grande
00AF   2???           00284    GOTO cuenta_externa
                      00285    
00B0   0008           00286    RETURN
                      00287     
MPASM 5.87                      PROYECTO.ASM   5-5-2026  22:12:40         PAGE  7


LOC  OBJECT CODE     LINE SOURCE TEXT
  VALUE

2FE1 3FFF             00288     END
MPASM 5.87                      PROYECTO.ASM   5-5-2026  22:12:40         PAGE  8


SYMBOL TABLE
  LABEL                             VALUE 

ABDEN                             00000000
ABDOVF                            00000007
ACKDT                             00000005
ACKEN                             00000004
ACKSTAT                           00000006
ADCON0                            0000001F
ADCON1                            0000009F
ADCS0                             00000006
ADCS1                             00000007
ADDEN                             00000003
ADFM                              00000007
ADIE                              00000006
ADIF                              00000006
ADON                              00000000
ADRESH                            0000001E
ADRESL                            0000009E
ALFA                              00000052
ANS0                              00000000
ANS1                              00000001
ANS10                             00000002
ANS11                             00000003
ANS12                             00000004
ANS13                             00000005
ANS2                              00000002
ANS3                              00000003
ANS4                              00000004
ANS5                              00000005
ANS6                              00000006
ANS7                              00000007
ANS8                              00000000
ANS9                              00000001
ANSEL                             00000188
ANSELH                            00000189
AUX                               00000022
AUXILIAR                          0000002A
BARRIDO_TECLADO                   00000036
BARRO                             0000003F
BAUDCTL                           00000187
BCLIE                             00000003
BCLIF                             00000003
BF                                00000000
BRG0                              00000000
BRG1                              00000001
BRG10                             00000002
BRG11                             00000003
BRG12                             00000004
BRG13                             00000005
BRG14                             00000006
BRG15                             00000007
BRG16                             00000003
BRG2                              00000002
BRG3                              00000003
BRG4                              00000004
MPASM 5.87                      PROYECTO.ASM   5-5-2026  22:12:40         PAGE  9


SYMBOL TABLE
  LABEL                             VALUE 

BRG5                              00000005
BRG6                              00000006
BRG7                              00000007
BRG8                              00000000
BRG9                              00000001
BRGH                              00000002
BUCLE                             00000030
C                                 00000000
C1CH0                             00000000
C1CH1                             00000001
C1IE                              00000005
C1IF                              00000005
C1OE                              00000005
C1ON                              00000007
C1OUT                             00000006
C1POL                             00000004
C1R                               00000002
C1RSEL                            00000005
C1SEN                             00000005
C2CH0                             00000000
C2CH1                             00000001
C2IE                              00000006
C2IF                              00000006
C2OE                              00000005
C2ON                              00000007
C2OUT                             00000006
C2POL                             00000004
C2R                               00000002
C2REN                             00000004
C2RSEL                            00000004
C2SYNC                            00000000
CCP1CON                           00000017
CCP1IE                            00000002
CCP1IF                            00000002
CCP1M0                            00000000
CCP1M1                            00000001
CCP1M2                            00000002
CCP1M3                            00000003
CCP1X                             00000005
CCP1Y                             00000004
CCP2CON                           0000001D
CCP2IE                            00000000
CCP2IF                            00000000
CCP2M0                            00000000
CCP2M1                            00000001
CCP2M2                            00000002
CCP2M3                            00000003
CCP2X                             00000005
CCP2Y                             00000004
CCPR1                             00000015
CCPR1H                            00000016
CCPR1L                            00000015
CCPR2                             0000001B
MPASM 5.87                      PROYECTO.ASM   5-5-2026  22:12:40         PAGE 10


SYMBOL TABLE
  LABEL                             VALUE 

CCPR2H                            0000001C
CCPR2L                            0000001B
CHS0                              00000002
CHS1                              00000003
CHS2                              00000004
CHS3                              00000005
CKE                               00000006
CKP                               00000004
CM1CON0                           00000107
CM2CON0                           00000108
CM2CON1                           00000109
CONT                              00000021
CREN                              00000004
CSRC                              00000007
D                                 00000005
DATA_ADDRESS                      00000005
DC                                00000001
DC1B0                             00000004
DC1B1                             00000005
DC2B0                             00000004
DC2B1                             00000005
DELAY                             000000A8
D_A                               00000005
D_NOT_A                           00000005
ECCPAS                            0000009C
ECCPAS0                           00000004
ECCPAS1                           00000005
ECCPAS2                           00000006
ECCPASE                           00000007
EEADR                             0000010D
EEADRH                            0000010F
EECON1                            0000018C
EECON2                            0000018D
EEDAT                             0000010C
EEDATA                            0000010C
EEDATH                            0000010E
EEIE                              00000004
EEIF                              00000004
EEPGD                             00000007
ESPERAR_SUELTA                    00000055
F                                 00000001
FERR                              00000002
FLAG                              0000002B
FSR                               00000004
FVREN                             00000000
GCEN                              00000007
GIE                               00000007
GO                                00000001
GO_DONE                           00000001
GO_NOT_DONE                       00000001
HTS                               00000002
I2C_DATA                          00000005
I2C_READ                          00000002
MPASM 5.87                      PROYECTO.ASM   5-5-2026  22:12:40         PAGE 11


SYMBOL TABLE
  LABEL                             VALUE 

I2C_START                         00000003
I2C_STOP                          00000004
INDEX                             00000020
INDF                              00000000
INICIO                            00000005
INTCON                            0000000B
INTE                              00000004
INTEDG                            00000006
INTF                              00000001
IOCB                              00000096
IOCB0                             00000000
IOCB1                             00000001
IOCB2                             00000002
IOCB3                             00000003
IOCB4                             00000004
IOCB5                             00000005
IOCB6                             00000006
IOCB7                             00000007
IRCF0                             00000004
IRCF1                             00000005
IRCF2                             00000006
IRP                               00000007
ISR                               00000097
LTS                               00000001
MC1OUT                            00000007
MC2OUT                            00000006
MSK                               00000093
MSK0                              00000000
MSK1                              00000001
MSK2                              00000002
MSK3                              00000003
MSK4                              00000004
MSK5                              00000005
MSK6                              00000006
MSK7                              00000007
MULTIPLEXADO                      00000067
NOT_A                             00000005
NOT_ADDRESS                       00000005
NOT_BO                            00000000
NOT_BOR                           00000000
NOT_DONE                          00000001
NOT_PD                            00000003
NOT_POR                           00000001
NOT_RBPU                          00000007
NOT_RC8                           00000006
NOT_T1SYNC                        00000002
NOT_TO                            00000004
NOT_TX8                           00000006
NOT_W                             00000002
NOT_WRITE                         00000002
NO_TECLA                          00000063
OERR                              00000001
OPTION_REG                        00000081
MPASM 5.87                      PROYECTO.ASM   5-5-2026  22:12:40         PAGE 12


SYMBOL TABLE
  LABEL                             VALUE 

OSCCON                            0000008F
OSCTUNE                           00000090
OSFIE                             00000007
OSFIF                             00000007
OSTS                              00000003
P                                 00000004
P1M0                              00000006
P1M1                              00000007
PCL                               00000002
PCLATH                            0000000A
PCON                              0000008E
PDC0                              00000000
PDC1                              00000001
PDC2                              00000002
PDC3                              00000003
PDC4                              00000004
PDC5                              00000005
PDC6                              00000006
PEIE                              00000006
PEN                               00000002
PIE1                              0000008C
PIE2                              0000008D
PIR1                              0000000C
PIR2                              0000000D
PORTA                             00000005
PORTB                             00000006
PORTC                             00000007
PORTD                             00000008
PORTE                             00000009
PR2                               00000092
PRSEN                             00000007
PS0                               00000000
PS1                               00000001
PS2                               00000002
PSA                               00000003
PSSAC0                            00000002
PSSAC1                            00000003
PSSBD0                            00000000
PSSBD1                            00000001
PSTRCON                           0000009D
PULSR                             00000002
PULSS                             00000003
PWM1CON                           0000009B
R                                 00000002
RA0                               00000000
RA1                               00000001
RA2                               00000002
RA3                               00000003
RA4                               00000004
RA5                               00000005
RA6                               00000006
RA7                               00000007
RB0                               00000000
MPASM 5.87                      PROYECTO.ASM   5-5-2026  22:12:40         PAGE 13


SYMBOL TABLE
  LABEL                             VALUE 

RB1                               00000001
RB2                               00000002
RB3                               00000003
RB4                               00000004
RB5                               00000005
RB6                               00000006
RB7                               00000007
RBIE                              00000003
RBIF                              00000000
RC0                               00000000
RC1                               00000001
RC2                               00000002
RC3                               00000003
RC4                               00000004
RC5                               00000005
RC6                               00000006
RC7                               00000007
RC8_9                             00000006
RC9                               00000006
RCD8                              00000000
RCEN                              00000003
RCIDL                             00000006
RCIE                              00000005
RCIF                              00000005
RCREG                             0000001A
RCSTA                             00000018
RD                                00000000
RD0                               00000000
RD1                               00000001
RD2                               00000002
RD3                               00000003
RD4                               00000004
RD5                               00000005
RD6                               00000006
RD7                               00000007
RE0                               00000000
RE1                               00000001
RE2                               00000002
RE3                               00000003
READ_WRITE                        00000002
REG0                              00000029
REG1                              00000028
REG2                              00000027
REG3                              00000026
REGISTROS                         0000005B
RP0                               00000005
RP1                               00000006
RSEN                              00000001
RX9                               00000006
RX9D                              00000000
R_NOT_W                           00000002
R_W                               00000002
S                                 00000003
MPASM 5.87                      PROYECTO.ASM   5-5-2026  22:12:40         PAGE 14


SYMBOL TABLE
  LABEL                             VALUE 

SALIR_ISR                         000000A3
SBOREN                            00000004
SCKP                              00000004
SCS                               00000000
SEN                               00000000
SENDB                             00000003
SIGUE                             00000035
SMP                               00000007
SPBRG                             00000099
SPBRGH                            0000009A
SPEN                              00000007
SR0                               00000006
SR1                               00000007
SRCON                             00000185
SREN                              00000005
SSPADD                            00000093
SSPBUF                            00000013
SSPCON                            00000014
SSPCON2                           00000091
SSPEN                             00000005
SSPIE                             00000003
SSPIF                             00000003
SSPM0                             00000000
SSPM1                             00000001
SSPM2                             00000002
SSPM3                             00000003
SSPMSK                            00000093
SSPOV                             00000006
SSPSTAT                           00000094
STATUS                            00000003
STATUS_TEMP                       00000025
STRA                              00000000
STRB                              00000001
STRC                              00000002
STRD                              00000003
STRSYNC                           00000004
SWDTEN                            00000000
SYNC                              00000004
T0CS                              00000005
T0IE                              00000005
T0IF                              00000002
T0SE                              00000004
T1CKPS0                           00000004
T1CKPS1                           00000005
T1CON                             00000010
T1GINV                            00000007
T1GIV                             00000007
T1GSS                             00000001
T1INSYNC                          00000002
T1OSCEN                           00000003
T1SYNC                            00000002
T2CKPS0                           00000000
T2CKPS1                           00000001
MPASM 5.87                      PROYECTO.ASM   5-5-2026  22:12:40         PAGE 15


SYMBOL TABLE
  LABEL                             VALUE 

T2CON                             00000012
TABLA_DISPLAY                     00000086
TECLA                             00000023
TMR0                              00000001
TMR0IE                            00000005
TMR0IF                            00000002
TMR1                              0000000E
TMR1CS                            00000001
TMR1GE                            00000006
TMR1H                             0000000F
TMR1IE                            00000000
TMR1IF                            00000000
TMR1L                             0000000E
TMR1ON                            00000000
TMR2                              00000011
TMR2IE                            00000001
TMR2IF                            00000001
TMR2ON                            00000002
TOUTPS0                           00000003
TOUTPS1                           00000004
TOUTPS2                           00000005
TOUTPS3                           00000006
TRISA                             00000085
TRISA0                            00000000
TRISA1                            00000001
TRISA2                            00000002
TRISA3                            00000003
TRISA4                            00000004
TRISA5                            00000005
TRISA6                            00000006
TRISA7                            00000007
TRISB                             00000086
TRISB0                            00000000
TRISB1                            00000001
TRISB2                            00000002
TRISB3                            00000003
TRISB4                            00000004
TRISB5                            00000005
TRISB6                            00000006
TRISB7                            00000007
TRISC                             00000087
TRISC0                            00000000
TRISC1                            00000001
TRISC2                            00000002
TRISC3                            00000003
TRISC4                            00000004
TRISC5                            00000005
TRISC6                            00000006
TRISC7                            00000007
TRISD                             00000088
TRISD0                            00000000
TRISD1                            00000001
TRISD2                            00000002
MPASM 5.87                      PROYECTO.ASM   5-5-2026  22:12:40         PAGE 16


SYMBOL TABLE
  LABEL                             VALUE 

TRISD3                            00000003
TRISD4                            00000004
TRISD5                            00000005
TRISD6                            00000006
TRISD7                            00000007
TRISE                             00000089
TRISE0                            00000000
TRISE1                            00000001
TRISE2                            00000002
TRISE3                            00000003
TRMT                              00000001
TUN0                              00000000
TUN1                              00000001
TUN2                              00000002
TUN3                              00000003
TUN4                              00000004
TX8_9                             00000006
TX9                               00000006
TX9D                              00000000
TXD8                              00000000
TXEN                              00000005
TXIE                              00000004
TXIF                              00000004
TXREG                             00000019
TXSTA                             00000098
UA                                00000001
ULPWUE                            00000005
ULPWUIE                           00000002
ULPWUIF                           00000002
VCFG0                             00000004
VCFG1                             00000005
VR0                               00000000
VR1                               00000001
VR2                               00000002
VR3                               00000003
VRCON                             00000097
VREN                              00000007
VROE                              00000006
VRR                               00000005
VRSS                              00000004
W                                 00000000
WCOL                              00000007
WDTCON                            00000105
WDTPS0                            00000001
WDTPS1                            00000002
WDTPS2                            00000003
WDTPS3                            00000004
WPUB                              00000095
WPUB0                             00000000
WPUB1                             00000001
WPUB2                             00000002
WPUB3                             00000003
WPUB4                             00000004
MPASM 5.87                      PROYECTO.ASM   5-5-2026  22:12:40         PAGE 17


SYMBOL TABLE
  LABEL                             VALUE 

WPUB5                             00000005
WPUB6                             00000006
WPUB7                             00000007
WR                                00000001
WREN                              00000002
WRERR                             00000003
WUE                               00000001
W_TEMP                            00000024
Z                                 00000002
_BOR21V                           00003EFF
_BOR40V                           00003FFF
_BOR4V_BOR21V                     00003EFF
_BOR4V_BOR40V                     00003FFF
_BOREN_NSLEEP                     00003EFF
_BOREN_OFF                        00003CFF
_BOREN_ON                         00003FFF
_BOREN_SBODEN                     00003DFF
_BOR_NSLEEP                       00003EFF
_BOR_OFF                          00003CFF
_BOR_ON                           00003FFF
_BOR_SBODEN                       00003DFF
_CONFIG1                          00002007
_CONFIG2                          00002008
_CPD_OFF                          00003FFF
_CPD_ON                           00003F7F
_CP_OFF                           00003FFF
_CP_ON                            00003FBF
_DEBUG_OFF                        00003FFF
_DEBUG_ON                         00001FFF
_DEVID1                           00002006
_EC_OSC                           00003FFB
_EXTRC                            00003FFF
_EXTRCIO                          00003FFE
_EXTRC_OSC_CLKOUT                 00003FFF
_EXTRC_OSC_NOCLKOUT               00003FFE
_FCMEN_OFF                        000037FF
_FCMEN_ON                         00003FFF
_FOSC_EC                          00003FFB
_FOSC_EXTRC_CLKOUT                00003FFF
_FOSC_EXTRC_NOCLKOUT              00003FFE
_FOSC_HS                          00003FFA
_FOSC_INTRC_CLKOUT                00003FFD
_FOSC_INTRC_NOCLKOUT              00003FFC
_FOSC_LP                          00003FF8
_FOSC_XT                          00003FF9
_HS_OSC                           00003FFA
_IDLOC0                           00002000
_IDLOC1                           00002001
_IDLOC2                           00002002
_IDLOC3                           00002003
_IESO_OFF                         00003BFF
_IESO_ON                          00003FFF
_INTOSC                           00003FFD
MPASM 5.87                      PROYECTO.ASM   5-5-2026  22:12:40         PAGE 18


SYMBOL TABLE
  LABEL                             VALUE 

_INTOSCIO                         00003FFC
_INTRC_OSC_CLKOUT                 00003FFD
_INTRC_OSC_NOCLKOUT               00003FFC
_LP_OSC                           00003FF8
_LVP_OFF                          00002FFF
_LVP_ON                           00003FFF
_MCLRE_OFF                        00003FDF
_MCLRE_ON                         00003FFF
_PWRTE_OFF                        00003FFF
_PWRTE_ON                         00003FEF
_WDTE_OFF                         00003FF7
_WDTE_ON                          00003FFF
_WDT_OFF                          00003FF7
_WDT_ON                           00003FFF
_WRT_1FOURTH                      00003BFF
_WRT_256                          00003DFF
_WRT_HALF                         000039FF
_WRT_OFF                          00003FFF
_XT_OSC                           00003FF9
__16F887                          00000001
cuenta_externa                    000000AA
cuenta_interna                    000000AC

Errors   :     0
Warnings :    13 reported,     0 suppressed
Messages :     8 reported,     0 suppressed

