Warning[205] C:\USERS\USUARIO\DOWNLOADS\TP.X\PROYECTO.ASM 1 : Found directive in column 1. (LIST)
Warning[205] C:\USERS\USUARIO\DOWNLOADS\TP.X\PROYECTO.ASM 2 : Found directive in column 1. (include)
Warning[207] C:\USERS\USUARIO\DOWNLOADS\TP.X\PROYECTO.ASM 14 : Found label after column 1. (INICIO)
Message[302] C:\USERS\USUARIO\DOWNLOADS\TP.X\PROYECTO.ASM 18 : Register in operand not in bank 0.  Ensure that bank bits are correct.
Message[302] C:\USERS\USUARIO\DOWNLOADS\TP.X\PROYECTO.ASM 19 : Register in operand not in bank 0.  Ensure that bank bits are correct.
Message[302] C:\USERS\USUARIO\DOWNLOADS\TP.X\PROYECTO.ASM 23 : Register in operand not in bank 0.  Ensure that bank bits are correct.
Message[302] C:\USERS\USUARIO\DOWNLOADS\TP.X\PROYECTO.ASM 24 : Register in operand not in bank 0.  Ensure that bank bits are correct.
Message[302] C:\USERS\USUARIO\DOWNLOADS\TP.X\PROYECTO.ASM 25 : Register in operand not in bank 0.  Ensure that bank bits are correct.
Message[302] C:\USERS\USUARIO\DOWNLOADS\TP.X\PROYECTO.ASM 36 : Register in operand not in bank 0.  Ensure that bank bits are correct.
Message[302] C:\USERS\USUARIO\DOWNLOADS\TP.X\PROYECTO.ASM 39 : Register in operand not in bank 0.  Ensure that bank bits are correct.
Message[302] C:\USERS\USUARIO\DOWNLOADS\TP.X\PROYECTO.ASM 77 : Register in operand not in bank 0.  Ensure that bank bits are correct.
Warning[207] C:\USERS\USUARIO\DOWNLOADS\TP.X\PROYECTO.ASM 94 : Found label after column 1. (SIGUE)
Warning[203] C:\USERS\USUARIO\DOWNLOADS\TP.X\PROYECTO.ASM 146 : Found opcode in column 1. (MOVF)
Warning[203] C:\USERS\USUARIO\DOWNLOADS\TP.X\PROYECTO.ASM 147 : Found opcode in column 1. (ANDLW)
Warning[203] C:\USERS\USUARIO\DOWNLOADS\TP.X\PROYECTO.ASM 148 : Found opcode in column 1. (XORLW)
Warning[203] C:\USERS\USUARIO\DOWNLOADS\TP.X\PROYECTO.ASM 149 : Found opcode in column 1. (BTFSS)
Warning[203] C:\USERS\USUARIO\DOWNLOADS\TP.X\PROYECTO.ASM 150 : Found opcode in column 1. (GOTO)
Warning[203] C:\USERS\USUARIO\DOWNLOADS\TP.X\PROYECTO.ASM 152 : Found opcode in column 1. (CALL)
Warning[202] C:\USERS\USUARIO\DOWNLOADS\TP.X\PROYECTO.ASM 272 : Argument out of range.  Least significant bits used.
Warning[207] C:\USERS\USUARIO\DOWNLOADS\TP.X\PROYECTO.ASM 275 : Found label after column 1. (cuenta_externa)
Warning[207] C:\USERS\USUARIO\DOWNLOADS\TP.X\PROYECTO.ASM 279 : Found label after column 1. (cuenta_interna)
